[2022-12-31T20:38:06.841401+01:00] PHP_BASICS.INFO:  SELECT * FROM tasks  [] []
[2022-12-31T20:38:14.291012+01:00] PHP_BASICS.INFO:  UPDATE tasks SET completed = ? WHERE id = 16  [] []
[2022-12-31T20:38:14.354492+01:00] PHP_BASICS.INFO:  SELECT * FROM tasks  [] []
[2023-01-01T07:20:50.648108+01:00] PHP_BASICS.INFO:  SELECT * FROM tasks  [] []
[2023-01-01T07:20:52.279560+01:00] PHP_BASICS.INFO:  SELECT * FROM tasks  [] []
[2023-01-01T07:20:53.055254+01:00] PHP_BASICS.INFO:  SELECT * FROM tasks WHERE  completed = 0 [] []
[2023-01-01T07:20:53.656215+01:00] PHP_BASICS.INFO:  SELECT * FROM tasks WHERE  completed = 1 [] []
[2023-01-01T07:20:54.411554+01:00] PHP_BASICS.INFO:  SELECT * FROM tasks WHERE  completed = 0 [] []
[2023-01-01T07:20:54.949204+01:00] PHP_BASICS.INFO:  SELECT * FROM tasks  [] []
[2023-01-01T07:55:37.722726+01:00] PHP_BASICS.INFO:  SELECT * FROM tasks  [] []
[2023-01-14T08:48:36.503504+00:00] PHP_BASICS.INFO:  SELECT * FROM tasks  [] []
[2023-01-14T11:25:17.497537+00:00] PHP_BASICS.INFO:  SELECT * FROM tasks  [] []
[2023-01-14T11:25:20.458626+00:00] PHP_BASICS.INFO:  SELECT * FROM tasks WHERE  completed = 0 [] []
[2023-01-14T11:25:21.491067+00:00] PHP_BASICS.INFO:  SELECT * FROM tasks WHERE  completed = 1 [] []
[2023-01-14T11:25:22.550130+00:00] PHP_BASICS.INFO:  SELECT * FROM tasks  [] []
[2023-01-14T11:25:33.838251+00:00] PHP_BASICS.INFO:  INSERT INTO tasks (description) VALUES (?)  [] []
[2023-01-14T11:25:33.899805+00:00] PHP_BASICS.INFO:  SELECT * FROM tasks  [] []
[2023-06-03T10:54:20.576877+00:00] PHP_BASICS.INFO:  SELECT * FROM tasks  [] []
[2023-06-03T10:55:01.589514+00:00] PHP_BASICS.INFO:  SELECT * FROM tasks WHERE  completed = 0 [] []
[2023-06-03T10:55:02.727776+00:00] PHP_BASICS.INFO:  SELECT * FROM tasks WHERE  completed = 1 [] []
[2023-06-03T10:55:03.663073+00:00] PHP_BASICS.INFO:  SELECT * FROM tasks  [] []
[2023-06-03T10:55:15.517365+00:00] PHP_BASICS.INFO:  INSERT INTO tasks (description) VALUES (?)  [] []
[2023-06-03T10:55:15.578700+00:00] PHP_BASICS.INFO:  SELECT * FROM tasks  [] []
[2023-06-03T10:55:18.924410+00:00] PHP_BASICS.INFO:  SELECT * FROM tasks  [] []
[2023-06-03T10:55:19.918302+00:00] PHP_BASICS.INFO:  SELECT * FROM tasks WHERE  completed = 0 [] []
[2023-06-03T10:55:21.751702+00:00] PHP_BASICS.INFO:  SELECT * FROM tasks WHERE  completed = 1 [] []
[2023-06-03T10:55:23.285027+00:00] PHP_BASICS.INFO:  UPDATE tasks SET completed = ? WHERE id = 15  [] []
[2023-06-03T10:55:23.346772+00:00] PHP_BASICS.INFO:  SELECT * FROM tasks WHERE  completed = 1 [] []
[2023-06-03T10:55:25.082280+00:00] PHP_BASICS.INFO:  SELECT * FROM tasks  [] []
[2023-06-03T10:55:28.191370+00:00] PHP_BASICS.INFO:  UPDATE tasks SET completed = ? WHERE id = 15  [] []
[2023-06-03T10:55:28.228927+00:00] PHP_BASICS.INFO:  SELECT * FROM tasks  [] []
[2023-06-03T10:55:29.589269+00:00] PHP_BASICS.INFO:  UPDATE tasks SET completed = ? WHERE id = 15  [] []
[2023-06-03T10:55:29.637108+00:00] PHP_BASICS.INFO:  SELECT * FROM tasks  [] []
[2023-06-03T10:55:30.727101+00:00] PHP_BASICS.INFO:  UPDATE tasks SET completed = ? WHERE id = 15  [] []
[2023-06-03T10:55:30.790496+00:00] PHP_BASICS.INFO:  SELECT * FROM tasks  [] []
[2023-06-03T10:55:34.586549+00:00] PHP_BASICS.INFO:  UPDATE tasks SET completed = ? WHERE id = 15  [] []
[2023-06-03T10:55:34.634220+00:00] PHP_BASICS.INFO:  SELECT * FROM tasks  [] []
[2023-06-07T09:27:27.802885+00:00] PHP_BASICS.INFO:  SELECT * FROM tasks  [] []
[2023-06-07T09:27:56.832834+00:00] PHP_BASICS.INFO:  DELETE FROM tasks WHERE id = 15  [] []
[2023-06-07T09:27:56.899090+00:00] PHP_BASICS.INFO:  SELECT * FROM tasks  [] []
[2023-06-07T09:27:57.519362+00:00] PHP_BASICS.INFO:  DELETE FROM tasks WHERE id = 16  [] []
[2023-06-07T09:27:57.582154+00:00] PHP_BASICS.INFO:  SELECT * FROM tasks  [] []
[2023-06-07T09:27:58.064902+00:00] PHP_BASICS.INFO:  DELETE FROM tasks WHERE id = 17  [] []
[2023-06-07T09:27:58.103542+00:00] PHP_BASICS.INFO:  SELECT * FROM tasks  [] []
[2023-06-07T09:27:59.420285+00:00] PHP_BASICS.INFO:  DELETE FROM tasks WHERE id = 26  [] []
[2023-06-07T09:27:59.482930+00:00] PHP_BASICS.INFO:  SELECT * FROM tasks  [] []
[2023-06-07T09:28:00.000211+00:00] PHP_BASICS.INFO:  DELETE FROM tasks WHERE id = 28  [] []
[2023-06-07T09:28:00.047178+00:00] PHP_BASICS.INFO:  SELECT * FROM tasks  [] []
[2023-06-07T09:28:00.523723+00:00] PHP_BASICS.INFO:  DELETE FROM tasks WHERE id = 29  [] []
[2023-06-07T09:28:00.590749+00:00] PHP_BASICS.INFO:  SELECT * FROM tasks  [] []
[2023-06-07T09:28:08.022073+00:00] PHP_BASICS.INFO:  INSERT INTO tasks (description) VALUES (?)  [] []
[2023-06-07T09:28:08.084902+00:00] PHP_BASICS.INFO:  SELECT * FROM tasks  [] []
[2023-06-07T09:28:18.379061+00:00] PHP_BASICS.INFO:  INSERT INTO tasks (description) VALUES (?)  [] []
[2023-06-07T09:28:18.442019+00:00] PHP_BASICS.INFO:  SELECT * FROM tasks  [] []
[2023-06-07T09:28:25.412606+00:00] PHP_BASICS.INFO:  INSERT INTO tasks (description) VALUES (?)  [] []
[2023-06-07T09:28:25.475500+00:00] PHP_BASICS.INFO:  SELECT * FROM tasks  [] []
[2023-06-07T09:28:36.040519+00:00] PHP_BASICS.INFO:  INSERT INTO tasks (description) VALUES (?)  [] []
[2023-06-07T09:28:36.104511+00:00] PHP_BASICS.INFO:  SELECT * FROM tasks  [] []
[2023-06-07T09:30:21.186874+00:00] PHP_BASICS.INFO:  INSERT INTO tasks (description) VALUES (?)  [] []
[2023-06-07T09:30:21.248966+00:00] PHP_BASICS.INFO:  SELECT * FROM tasks  [] []
[2023-06-07T09:32:34.256837+00:00] PHP_BASICS.INFO:  UPDATE tasks SET completed = ? WHERE id = 30  [] []
[2023-06-07T09:32:34.300142+00:00] PHP_BASICS.INFO:  SELECT * FROM tasks  [] []
[2023-06-07T09:32:35.642048+00:00] PHP_BASICS.INFO:  UPDATE tasks SET completed = ? WHERE id = 32  [] []
[2023-06-07T09:32:35.706963+00:00] PHP_BASICS.INFO:  SELECT * FROM tasks  [] []
[2023-06-07T09:32:54.841450+00:00] PHP_BASICS.INFO:  SELECT * FROM tasks WHERE  completed = 0 [] []
[2023-06-07T09:33:57.303912+00:00] PHP_BASICS.INFO:  SELECT * FROM tasks WHERE  completed = 1 [] []
[2023-06-07T09:34:32.216033+00:00] PHP_BASICS.INFO:  SELECT * FROM tasks  [] []
